This file contains any messages produced by compilers while
running configure, to aid debugging if configure makes a mistake.

It was created by tinydtls configure 0.8.6, which was
generated by GNU Autoconf 2.69.  Invocation command line was

  $ /home/pi/impact/wakaama-wm/examples/shared/tinydtls/configure --host=cc

## --------- ##
## Platform. ##
## --------- ##

hostname = pi-146
uname -m = armv7l
uname -r = 4.19.66-v7+
uname -s = Linux
uname -v = #1253 SMP Thu Aug 15 11:49:46 BST 2019

/usr/bin/uname -p = unknown
/bin/uname -X     = unknown

/bin/arch              = unknown
/usr/bin/arch -k       = unknown
/usr/convex/getsysinfo = unknown
/usr/bin/hostinfo      = unknown
/bin/machine           = unknown
/usr/bin/oslevel       = unknown
/bin/universe          = unknown

PATH: /home/pi/bin
PATH: /usr/local/sbin
PATH: /usr/local/bin
PATH: /usr/sbin
PATH: /usr/bin
PATH: /sbin
PATH: /bin
PATH: /usr/local/games
PATH: /usr/games


## ----------- ##
## Core tests. ##
## ----------- ##

configure:2227: checking for doxygen
configure:2258: result: :
configure:2268: checking for etags
configure:2299: result: /bin/false
configure:2309: checking whether make sets $(MAKE)
configure:2331: result: yes
configure:2348: checking for cc-gcc
configure:2378: result: no
configure:2388: checking for gcc
configure:2404: found /usr/bin/gcc
configure:2415: result: gcc
configure:2644: checking for C compiler version
configure:2653: gcc --version >&5
gcc (Raspbian 6.3.0-18+rpi1+deb9u1) 6.3.0 20170516
Copyright (C) 2016 Free Software Foundation, Inc.
This is free software; see the source for copying conditions.  There is NO
warranty; not even for MERCHANTABILITY or FITNESS FOR A PARTICULAR PURPOSE.

configure:2664: $? = 0
configure:2653: gcc -v >&5
Using built-in specs.
COLLECT_GCC=gcc
COLLECT_LTO_WRAPPER=/usr/lib/gcc/arm-linux-gnueabihf/6/lto-wrapper
Target: arm-linux-gnueabihf
Configured with: ../src/configure -v --with-pkgversion='Raspbian 6.3.0-18+rpi1+deb9u1' --with-bugurl=file:///usr/share/doc/gcc-6/README.Bugs --enable-languages=c,ada,c++,java,go,d,fortran,objc,obj-c++ --prefix=/usr --program-suffix=-6 --program-prefix=arm-linux-gnueabihf- --enable-shared --enable-linker-build-id --libexecdir=/usr/lib --without-included-gettext --enable-threads=posix --libdir=/usr/lib --enable-nls --with-sysroot=/ --enable-clocale=gnu --enable-libstdcxx-debug --enable-libstdcxx-time=yes --with-default-libstdcxx-abi=new --enable-gnu-unique-object --disable-libitm --disable-libquadmath --enable-plugin --with-system-zlib --disable-browser-plugin --enable-java-awt=gtk --enable-gtk-cairo --with-java-home=/usr/lib/jvm/java-1.5.0-gcj-6-armhf/jre --enable-java-home --with-jvm-root-dir=/usr/lib/jvm/java-1.5.0-gcj-6-armhf --with-jvm-jar-dir=/usr/lib/jvm-exports/java-1.5.0-gcj-6-armhf --with-arch-directory=arm --with-ecj-jar=/usr/share/java/eclipse-ecj.jar --with-target-system-zlib --enable-objc-gc=auto --enable-multiarch --disable-sjlj-exceptions --with-arch=armv6 --with-fpu=vfp --with-float=hard --enable-checking=release --build=arm-linux-gnueabihf --host=arm-linux-gnueabihf --target=arm-linux-gnueabihf
Thread model: posix
gcc version 6.3.0 20170516 (Raspbian 6.3.0-18+rpi1+deb9u1) 
configure:2664: $? = 0
configure:2653: gcc -V >&5
gcc: error: unrecognized command line option '-V'
gcc: fatal error: no input files
compilation terminated.
configure:2664: $? = 1
configure:2653: gcc -qversion >&5
gcc: error: unrecognized command line option '-qversion'; did you mean '--version'?
gcc: fatal error: no input files
compilation terminated.
configure:2664: $? = 1
configure:2684: checking whether the C compiler works
configure:2706: gcc    conftest.c  >&5
configure:2710: $? = 0
configure:2758: result: yes
configure:2761: checking for C compiler default output file name
configure:2763: result: a.out
configure:2769: checking for suffix of executables
configure:2776: gcc -o conftest    conftest.c  >&5
configure:2780: $? = 0
configure:2802: result: 
configure:2824: checking whether we are cross compiling
configure:2832: gcc -o conftest    conftest.c  >&5
configure:2836: $? = 0
configure:2843: ./conftest
configure:2847: $? = 0
configure:2862: result: no
configure:2867: checking for suffix of object files
configure:2889: gcc -c   conftest.c >&5
configure:2893: $? = 0
configure:2914: result: o
configure:2918: checking whether we are using the GNU C compiler
configure:2937: gcc -c   conftest.c >&5
configure:2937: $? = 0
configure:2946: result: yes
configure:2955: checking whether gcc accepts -g
configure:2975: gcc -c -g  conftest.c >&5
configure:2975: $? = 0
configure:3016: result: yes
configure:3033: checking for gcc option to accept ISO C89
configure:3096: gcc  -c -g -O2  conftest.c >&5
configure:3096: $? = 0
configure:3109: result: none needed
configure:3132: checking for cc-ranlib
configure:3162: result: no
configure:3172: checking for ranlib
configure:3188: found /usr/bin/ranlib
configure:3199: result: ranlib
configure:3229: checking how to run the C preprocessor
configure:3260: gcc -E  conftest.c
configure:3260: $? = 0
configure:3274: gcc -E  conftest.c
conftest.c:9:28: fatal error: ac_nonexistent.h: No such file or directory
 #include <ac_nonexistent.h>
                            ^
compilation terminated.
configure:3274: $? = 1
configure: failed program was:
| /* confdefs.h */
| #define PACKAGE_NAME "tinydtls"
| #define PACKAGE_TARNAME "tinydtls"
| #define PACKAGE_VERSION "0.8.6"
| #define PACKAGE_STRING "tinydtls 0.8.6"
| #define PACKAGE_BUGREPORT ""
| #define PACKAGE_URL ""
| /* end confdefs.h.  */
| #include <ac_nonexistent.h>
configure:3299: result: gcc -E
configure:3319: gcc -E  conftest.c
configure:3319: $? = 0
configure:3333: gcc -E  conftest.c
conftest.c:9:28: fatal error: ac_nonexistent.h: No such file or directory
 #include <ac_nonexistent.h>
                            ^
compilation terminated.
configure:3333: $? = 1
configure: failed program was:
| /* confdefs.h */
| #define PACKAGE_NAME "tinydtls"
| #define PACKAGE_TARNAME "tinydtls"
| #define PACKAGE_VERSION "0.8.6"
| #define PACKAGE_STRING "tinydtls 0.8.6"
| #define PACKAGE_BUGREPORT ""
| #define PACKAGE_URL ""
| /* end confdefs.h.  */
| #include <ac_nonexistent.h>
configure:3362: checking for grep that handles long lines and -e
configure:3420: result: /bin/grep
configure:3425: checking for egrep
configure:3487: result: /bin/grep -E
configure:3492: checking for ANSI C header files
configure:3512: gcc -c -g -O2  conftest.c >&5
configure:3512: $? = 0
configure:3585: gcc -o conftest -g -O2   conftest.c  >&5
configure:3585: $? = 0
configure:3585: ./conftest
configure:3585: $? = 0
configure:3596: result: yes
configure:3609: checking for sys/types.h
configure:3609: gcc -c -g -O2  conftest.c >&5
configure:3609: $? = 0
configure:3609: result: yes
configure:3609: checking for sys/stat.h
configure:3609: gcc -c -g -O2  conftest.c >&5
configure:3609: $? = 0
configure:3609: result: yes
configure:3609: checking for stdlib.h
configure:3609: gcc -c -g -O2  conftest.c >&5
configure:3609: $? = 0
configure:3609: result: yes
configure:3609: checking for string.h
configure:3609: gcc -c -g -O2  conftest.c >&5
configure:3609: $? = 0
configure:3609: result: yes
configure:3609: checking for memory.h
configure:3609: gcc -c -g -O2  conftest.c >&5
configure:3609: $? = 0
configure:3609: result: yes
configure:3609: checking for strings.h
configure:3609: gcc -c -g -O2  conftest.c >&5
configure:3609: $? = 0
configure:3609: result: yes
configure:3609: checking for inttypes.h
configure:3609: gcc -c -g -O2  conftest.c >&5
configure:3609: $? = 0
configure:3609: result: yes
configure:3609: checking for stdint.h
configure:3609: gcc -c -g -O2  conftest.c >&5
configure:3609: $? = 0
configure:3609: result: yes
configure:3609: checking for unistd.h
configure:3609: gcc -c -g -O2  conftest.c >&5
configure:3609: $? = 0
configure:3609: result: yes
configure:3621: checking whether byte ordering is bigendian
configure:3636: gcc -c -g -O2  conftest.c >&5
conftest.c:20:9: error: unknown type name 'not'
         not a universal capable compiler
         ^~~
conftest.c:20:15: error: expected '=', ',', ';', 'asm' or '__attribute__' before 'universal'
         not a universal capable compiler
               ^~~~~~~~~
conftest.c:20:15: error: unknown type name 'universal'
configure:3636: $? = 1
configure: failed program was:
| /* confdefs.h */
| #define PACKAGE_NAME "tinydtls"
| #define PACKAGE_TARNAME "tinydtls"
| #define PACKAGE_VERSION "0.8.6"
| #define PACKAGE_STRING "tinydtls 0.8.6"
| #define PACKAGE_BUGREPORT ""
| #define PACKAGE_URL ""
| #define STDC_HEADERS 1
| #define HAVE_SYS_TYPES_H 1
| #define HAVE_SYS_STAT_H 1
| #define HAVE_STDLIB_H 1
| #define HAVE_STRING_H 1
| #define HAVE_MEMORY_H 1
| #define HAVE_STRINGS_H 1
| #define HAVE_INTTYPES_H 1
| #define HAVE_STDINT_H 1
| #define HAVE_UNISTD_H 1
| /* end confdefs.h.  */
| #ifndef __APPLE_CC__
| 	       not a universal capable compiler
| 	     #endif
| 	     typedef int dummy;
| 
configure:3681: gcc -c -g -O2  conftest.c >&5
configure:3681: $? = 0
configure:3699: gcc -c -g -O2  conftest.c >&5
conftest.c: In function 'main':
conftest.c:26:4: error: unknown type name 'not'
    not big endian
    ^~~
conftest.c:26:12: error: expected '=', ',', ';', 'asm' or '__attribute__' before 'endian'
    not big endian
            ^~~~~~
configure:3699: $? = 1
configure: failed program was:
| /* confdefs.h */
| #define PACKAGE_NAME "tinydtls"
| #define PACKAGE_TARNAME "tinydtls"
| #define PACKAGE_VERSION "0.8.6"
| #define PACKAGE_STRING "tinydtls 0.8.6"
| #define PACKAGE_BUGREPORT ""
| #define PACKAGE_URL ""
| #define STDC_HEADERS 1
| #define HAVE_SYS_TYPES_H 1
| #define HAVE_SYS_STAT_H 1
| #define HAVE_STDLIB_H 1
| #define HAVE_STRING_H 1
| #define HAVE_MEMORY_H 1
| #define HAVE_STRINGS_H 1
| #define HAVE_INTTYPES_H 1
| #define HAVE_STDINT_H 1
| #define HAVE_UNISTD_H 1
| /* end confdefs.h.  */
| #include <sys/types.h>
| 		#include <sys/param.h>
| 
| int
| main ()
| {
| #if BYTE_ORDER != BIG_ENDIAN
| 		 not big endian
| 		#endif
| 
|   ;
|   return 0;
| }
configure:3827: result: no
configure:3869: checking for library containing gethostbyname
configure:3900: gcc -o conftest -g -O2   conftest.c  >&5
configure:3900: $? = 0
configure:3917: result: none required
configure:3925: checking for library containing socket
configure:3956: gcc -o conftest -g -O2   conftest.c  >&5
configure:3956: $? = 0
configure:3973: result: none required
configure:4028: checking assert.h usability
configure:4028: gcc -c -g -O2  -DDTLSv12 -DWITH_SHA256 conftest.c >&5
configure:4028: $? = 0
configure:4028: result: yes
configure:4028: checking assert.h presence
configure:4028: gcc -E  -DDTLSv12 -DWITH_SHA256 conftest.c
configure:4028: $? = 0
configure:4028: result: yes
configure:4028: checking for assert.h
configure:4028: result: yes
configure:4028: checking arpa/inet.h usability
configure:4028: gcc -c -g -O2  -DDTLSv12 -DWITH_SHA256 conftest.c >&5
configure:4028: $? = 0
configure:4028: result: yes
configure:4028: checking arpa/inet.h presence
configure:4028: gcc -E  -DDTLSv12 -DWITH_SHA256 conftest.c
configure:4028: $? = 0
configure:4028: result: yes
configure:4028: checking for arpa/inet.h
configure:4028: result: yes
configure:4028: checking fcntl.h usability
configure:4028: gcc -c -g -O2  -DDTLSv12 -DWITH_SHA256 conftest.c >&5
configure:4028: $? = 0
configure:4028: result: yes
configure:4028: checking fcntl.h presence
configure:4028: gcc -E  -DDTLSv12 -DWITH_SHA256 conftest.c
configure:4028: $? = 0
configure:4028: result: yes
configure:4028: checking for fcntl.h
configure:4028: result: yes
configure:4028: checking for inttypes.h
configure:4028: result: yes
configure:4028: checking netdb.h usability
configure:4028: gcc -c -g -O2  -DDTLSv12 -DWITH_SHA256 conftest.c >&5
configure:4028: $? = 0
configure:4028: result: yes
configure:4028: checking netdb.h presence
configure:4028: gcc -E  -DDTLSv12 -DWITH_SHA256 conftest.c
configure:4028: $? = 0
configure:4028: result: yes
configure:4028: checking for netdb.h
configure:4028: result: yes
configure:4028: checking netinet/in.h usability
configure:4028: gcc -c -g -O2  -DDTLSv12 -DWITH_SHA256 conftest.c >&5
configure:4028: $? = 0
configure:4028: result: yes
configure:4028: checking netinet/in.h presence
configure:4028: gcc -E  -DDTLSv12 -DWITH_SHA256 conftest.c
configure:4028: $? = 0
configure:4028: result: yes
configure:4028: checking for netinet/in.h
configure:4028: result: yes
configure:4028: checking stddef.h usability
configure:4028: gcc -c -g -O2  -DDTLSv12 -DWITH_SHA256 conftest.c >&5
configure:4028: $? = 0
configure:4028: result: yes
configure:4028: checking stddef.h presence
configure:4028: gcc -E  -DDTLSv12 -DWITH_SHA256 conftest.c
configure:4028: $? = 0
configure:4028: result: yes
configure:4028: checking for stddef.h
configure:4028: result: yes
configure:4028: checking for stdint.h
configure:4028: result: yes
configure:4028: checking for stdlib.h
configure:4028: result: yes
configure:4028: checking for string.h
configure:4028: result: yes
configure:4028: checking for strings.h
configure:4028: result: yes
configure:4028: checking sys/param.h usability
configure:4028: gcc -c -g -O2  -DDTLSv12 -DWITH_SHA256 conftest.c >&5
configure:4028: $? = 0
configure:4028: result: yes
configure:4028: checking sys/param.h presence
configure:4028: gcc -E  -DDTLSv12 -DWITH_SHA256 conftest.c
configure:4028: $? = 0
configure:4028: result: yes
configure:4028: checking for sys/param.h
configure:4028: result: yes
configure:4028: checking sys/socket.h usability
configure:4028: gcc -c -g -O2  -DDTLSv12 -DWITH_SHA256 conftest.c >&5
configure:4028: $? = 0
configure:4028: result: yes
configure:4028: checking sys/socket.h presence
configure:4028: gcc -E  -DDTLSv12 -DWITH_SHA256 conftest.c
configure:4028: $? = 0
configure:4028: result: yes
configure:4028: checking for sys/socket.h
configure:4028: result: yes
configure:4028: checking for unistd.h
configure:4028: result: yes
configure:4042: checking sys/time.h usability
configure:4042: gcc -c -g -O2  -DDTLSv12 -DWITH_SHA256 conftest.c >&5
configure:4042: $? = 0
configure:4042: result: yes
configure:4042: checking sys/time.h presence
configure:4042: gcc -E  -DDTLSv12 -DWITH_SHA256 conftest.c
configure:4042: $? = 0
configure:4042: result: yes
configure:4042: checking for sys/time.h
configure:4042: result: yes
configure:4042: checking time.h usability
configure:4042: gcc -c -g -O2  -DDTLSv12 -DWITH_SHA256 conftest.c >&5
configure:4042: $? = 0
configure:4042: result: yes
configure:4042: checking time.h presence
configure:4042: gcc -E  -DDTLSv12 -DWITH_SHA256 conftest.c
configure:4042: $? = 0
configure:4042: result: yes
configure:4042: checking for time.h
configure:4042: result: yes
configure:4055: checking for sys/types.h
configure:4055: result: yes
configure:4055: checking for sys/stat.h
configure:4055: result: yes
configure:4067: checking for inline
configure:4083: gcc -c -g -O2  -DDTLSv12 -DWITH_SHA256 conftest.c >&5
configure:4083: $? = 0
configure:4091: result: inline
configure:4109: checking for size_t
configure:4109: gcc -c -g -O2  -DDTLSv12 -DWITH_SHA256 conftest.c >&5
configure:4109: $? = 0
configure:4109: gcc -c -g -O2  -DDTLSv12 -DWITH_SHA256 conftest.c >&5
conftest.c: In function 'main':
conftest.c:75:21: error: expected expression before ')' token
 if (sizeof ((size_t)))
                     ^
configure:4109: $? = 1
configure: failed program was:
| /* confdefs.h */
| #define PACKAGE_NAME "tinydtls"
| #define PACKAGE_TARNAME "tinydtls"
| #define PACKAGE_VERSION "0.8.6"
| #define PACKAGE_STRING "tinydtls 0.8.6"
| #define PACKAGE_BUGREPORT ""
| #define PACKAGE_URL ""
| #define STDC_HEADERS 1
| #define HAVE_SYS_TYPES_H 1
| #define HAVE_SYS_STAT_H 1
| #define HAVE_STDLIB_H 1
| #define HAVE_STRING_H 1
| #define HAVE_MEMORY_H 1
| #define HAVE_STRINGS_H 1
| #define HAVE_INTTYPES_H 1
| #define HAVE_STDINT_H 1
| #define HAVE_UNISTD_H 1
| #define DTLS_ECC 1
| #define DTLS_PSK 1
| #define HAVE_ASSERT_H 1
| #define HAVE_ARPA_INET_H 1
| #define HAVE_FCNTL_H 1
| #define HAVE_INTTYPES_H 1
| #define HAVE_NETDB_H 1
| #define HAVE_NETINET_IN_H 1
| #define HAVE_STDDEF_H 1
| #define HAVE_STDINT_H 1
| #define HAVE_STDLIB_H 1
| #define HAVE_STRING_H 1
| #define HAVE_STRINGS_H 1
| #define HAVE_SYS_PARAM_H 1
| #define HAVE_SYS_SOCKET_H 1
| #define HAVE_UNISTD_H 1
| #define HAVE_SYS_TIME_H 1
| #define HAVE_TIME_H 1
| #define HAVE_SYS_TYPES_H 1
| #define HAVE_SYS_STAT_H 1
| /* end confdefs.h.  */
| #include <stdio.h>
| #ifdef HAVE_SYS_TYPES_H
| # include <sys/types.h>
| #endif
| #ifdef HAVE_SYS_STAT_H
| # include <sys/stat.h>
| #endif
| #ifdef STDC_HEADERS
| # include <stdlib.h>
| # include <stddef.h>
| #else
| # ifdef HAVE_STDLIB_H
| #  include <stdlib.h>
| # endif
| #endif
| #ifdef HAVE_STRING_H
| # if !defined STDC_HEADERS && defined HAVE_MEMORY_H
| #  include <memory.h>
| # endif
| # include <string.h>
| #endif
| #ifdef HAVE_STRINGS_H
| # include <strings.h>
| #endif
| #ifdef HAVE_INTTYPES_H
| # include <inttypes.h>
| #endif
| #ifdef HAVE_STDINT_H
| # include <stdint.h>
| #endif
| #ifdef HAVE_UNISTD_H
| # include <unistd.h>
| #endif
| int
| main ()
| {
| if (sizeof ((size_t)))
| 	    return 0;
|   ;
|   return 0;
| }
configure:4109: result: yes
configure:4121: checking for struct sockaddr_in6.sin6_len
configure:4121: gcc -c -g -O2  -DDTLSv12 -DWITH_SHA256 conftest.c >&5
conftest.c: In function 'main':
conftest.c:45:12: error: 'struct sockaddr_in6' has no member named 'sin6_len'; did you mean 'sin6_port'?
 if (ac_aggr.sin6_len)
            ^
configure:4121: $? = 1
configure: failed program was:
| /* confdefs.h */
| #define PACKAGE_NAME "tinydtls"
| #define PACKAGE_TARNAME "tinydtls"
| #define PACKAGE_VERSION "0.8.6"
| #define PACKAGE_STRING "tinydtls 0.8.6"
| #define PACKAGE_BUGREPORT ""
| #define PACKAGE_URL ""
| #define STDC_HEADERS 1
| #define HAVE_SYS_TYPES_H 1
| #define HAVE_SYS_STAT_H 1
| #define HAVE_STDLIB_H 1
| #define HAVE_STRING_H 1
| #define HAVE_MEMORY_H 1
| #define HAVE_STRINGS_H 1
| #define HAVE_INTTYPES_H 1
| #define HAVE_STDINT_H 1
| #define HAVE_UNISTD_H 1
| #define DTLS_ECC 1
| #define DTLS_PSK 1
| #define HAVE_ASSERT_H 1
| #define HAVE_ARPA_INET_H 1
| #define HAVE_FCNTL_H 1
| #define HAVE_INTTYPES_H 1
| #define HAVE_NETDB_H 1
| #define HAVE_NETINET_IN_H 1
| #define HAVE_STDDEF_H 1
| #define HAVE_STDINT_H 1
| #define HAVE_STDLIB_H 1
| #define HAVE_STRING_H 1
| #define HAVE_STRINGS_H 1
| #define HAVE_SYS_PARAM_H 1
| #define HAVE_SYS_SOCKET_H 1
| #define HAVE_UNISTD_H 1
| #define HAVE_SYS_TIME_H 1
| #define HAVE_TIME_H 1
| #define HAVE_SYS_TYPES_H 1
| #define HAVE_SYS_STAT_H 1
| /* end confdefs.h.  */
| #include <netinet/in.h>
| 
| int
| main ()
| {
| static struct sockaddr_in6 ac_aggr;
| if (ac_aggr.sin6_len)
| return 0;
|   ;
|   return 0;
| }
configure:4121: gcc -c -g -O2  -DDTLSv12 -DWITH_SHA256 conftest.c >&5
conftest.c: In function 'main':
conftest.c:45:19: error: 'struct sockaddr_in6' has no member named 'sin6_len'; did you mean 'sin6_port'?
 if (sizeof ac_aggr.sin6_len)
                   ^
configure:4121: $? = 1
configure: failed program was:
| /* confdefs.h */
| #define PACKAGE_NAME "tinydtls"
| #define PACKAGE_TARNAME "tinydtls"
| #define PACKAGE_VERSION "0.8.6"
| #define PACKAGE_STRING "tinydtls 0.8.6"
| #define PACKAGE_BUGREPORT ""
| #define PACKAGE_URL ""
| #define STDC_HEADERS 1
| #define HAVE_SYS_TYPES_H 1
| #define HAVE_SYS_STAT_H 1
| #define HAVE_STDLIB_H 1
| #define HAVE_STRING_H 1
| #define HAVE_MEMORY_H 1
| #define HAVE_STRINGS_H 1
| #define HAVE_INTTYPES_H 1
| #define HAVE_STDINT_H 1
| #define HAVE_UNISTD_H 1
| #define DTLS_ECC 1
| #define DTLS_PSK 1
| #define HAVE_ASSERT_H 1
| #define HAVE_ARPA_INET_H 1
| #define HAVE_FCNTL_H 1
| #define HAVE_INTTYPES_H 1
| #define HAVE_NETDB_H 1
| #define HAVE_NETINET_IN_H 1
| #define HAVE_STDDEF_H 1
| #define HAVE_STDINT_H 1
| #define HAVE_STDLIB_H 1
| #define HAVE_STRING_H 1
| #define HAVE_STRINGS_H 1
| #define HAVE_SYS_PARAM_H 1
| #define HAVE_SYS_SOCKET_H 1
| #define HAVE_UNISTD_H 1
| #define HAVE_SYS_TIME_H 1
| #define HAVE_TIME_H 1
| #define HAVE_SYS_TYPES_H 1
| #define HAVE_SYS_STAT_H 1
| /* end confdefs.h.  */
| #include <netinet/in.h>
| 
| int
| main ()
| {
| static struct sockaddr_in6 ac_aggr;
| if (sizeof ac_aggr.sin6_len)
| return 0;
|   ;
|   return 0;
| }
configure:4121: result: no
configure:4134: checking for memset
configure:4134: gcc -o conftest -g -O2  -DDTLSv12 -DWITH_SHA256  conftest.c  >&5
conftest.c:62:6: warning: conflicting types for built-in function 'memset'
 char memset ();
      ^~~~~~
configure:4134: $? = 0
configure:4134: result: yes
configure:4134: checking for select
configure:4134: gcc -o conftest -g -O2  -DDTLSv12 -DWITH_SHA256  conftest.c  >&5
configure:4134: $? = 0
configure:4134: result: yes
configure:4134: checking for socket
configure:4134: gcc -o conftest -g -O2  -DDTLSv12 -DWITH_SHA256  conftest.c  >&5
configure:4134: $? = 0
configure:4134: result: yes
configure:4134: checking for strdup
configure:4134: gcc -o conftest -g -O2  -DDTLSv12 -DWITH_SHA256  conftest.c  >&5
conftest.c:65:6: warning: conflicting types for built-in function 'strdup'
 char strdup ();
      ^~~~~~
configure:4134: $? = 0
configure:4134: result: yes
configure:4134: checking for strerror
configure:4134: gcc -o conftest -g -O2  -DDTLSv12 -DWITH_SHA256  conftest.c  >&5
configure:4134: $? = 0
configure:4134: result: yes
configure:4134: checking for strnlen
configure:4134: gcc -o conftest -g -O2  -DDTLSv12 -DWITH_SHA256  conftest.c  >&5
configure:4134: $? = 0
configure:4134: result: yes
configure:4134: checking for fls
configure:4134: gcc -o conftest -g -O2  -DDTLSv12 -DWITH_SHA256  conftest.c  >&5
/tmp/ccgd7751.o: In function `main':
/home/pi/impact/wakaama-wm/examples/shared/tinydtls/conftest.c:79: undefined reference to `fls'
collect2: error: ld returned 1 exit status
configure:4134: $? = 1
configure: failed program was:
| /* confdefs.h */
| #define PACKAGE_NAME "tinydtls"
| #define PACKAGE_TARNAME "tinydtls"
| #define PACKAGE_VERSION "0.8.6"
| #define PACKAGE_STRING "tinydtls 0.8.6"
| #define PACKAGE_BUGREPORT ""
| #define PACKAGE_URL ""
| #define STDC_HEADERS 1
| #define HAVE_SYS_TYPES_H 1
| #define HAVE_SYS_STAT_H 1
| #define HAVE_STDLIB_H 1
| #define HAVE_STRING_H 1
| #define HAVE_MEMORY_H 1
| #define HAVE_STRINGS_H 1
| #define HAVE_INTTYPES_H 1
| #define HAVE_STDINT_H 1
| #define HAVE_UNISTD_H 1
| #define DTLS_ECC 1
| #define DTLS_PSK 1
| #define HAVE_ASSERT_H 1
| #define HAVE_ARPA_INET_H 1
| #define HAVE_FCNTL_H 1
| #define HAVE_INTTYPES_H 1
| #define HAVE_NETDB_H 1
| #define HAVE_NETINET_IN_H 1
| #define HAVE_STDDEF_H 1
| #define HAVE_STDINT_H 1
| #define HAVE_STDLIB_H 1
| #define HAVE_STRING_H 1
| #define HAVE_STRINGS_H 1
| #define HAVE_SYS_PARAM_H 1
| #define HAVE_SYS_SOCKET_H 1
| #define HAVE_UNISTD_H 1
| #define HAVE_SYS_TIME_H 1
| #define HAVE_TIME_H 1
| #define HAVE_SYS_TYPES_H 1
| #define HAVE_SYS_STAT_H 1
| #define HAVE_MEMSET 1
| #define HAVE_SELECT 1
| #define HAVE_SOCKET 1
| #define HAVE_STRDUP 1
| #define HAVE_STRERROR 1
| #define HAVE_STRNLEN 1
| /* end confdefs.h.  */
| /* Define fls to an innocuous variant, in case <limits.h> declares fls.
|    For example, HP-UX 11i <limits.h> declares gettimeofday.  */
| #define fls innocuous_fls
| 
| /* System header to define __stub macros and hopefully few prototypes,
|     which can conflict with char fls (); below.
|     Prefer <limits.h> to <assert.h> if __STDC__ is defined, since
|     <limits.h> exists even on freestanding compilers.  */
| 
| #ifdef __STDC__
| # include <limits.h>
| #else
| # include <assert.h>
| #endif
| 
| #undef fls
| 
| /* Override any GCC internal prototype to avoid an error.
|    Use char because int might match the return type of a GCC
|    builtin and then its argument prototype would still apply.  */
| #ifdef __cplusplus
| extern "C"
| #endif
| char fls ();
| /* The GNU C library defines this for functions which it implements
|     to always fail with ENOSYS.  Some functions are actually named
|     something starting with __ and the normal name is an alias.  */
| #if defined __stub_fls || defined __stub___fls
| choke me
| #endif
| 
| int
| main ()
| {
| return fls ();
|   ;
|   return 0;
| }
configure:4134: result: no
configure:4134: checking for vprintf
configure:4134: gcc -o conftest -g -O2  -DDTLSv12 -DWITH_SHA256  conftest.c  >&5
conftest.c:68:6: warning: conflicting types for built-in function 'vprintf'
 char vprintf ();
      ^~~~~~~
configure:4134: $? = 0
configure:4134: result: yes
configure:4265: creating ./config.status

## ---------------------- ##
## Running config.status. ##
## ---------------------- ##

This file was extended by tinydtls config.status 0.8.6, which was
generated by GNU Autoconf 2.69.  Invocation command line was

  CONFIG_FILES    = 
  CONFIG_HEADERS  = 
  CONFIG_LINKS    = 
  CONFIG_COMMANDS = 
  $ ./config.status 

on pi-146

config.status:843: creating Makefile
config.status:843: creating doc/Makefile
config.status:843: creating doc/Doxyfile
config.status:843: creating tests/Makefile
config.status:843: creating platform-specific/Makefile
config.status:843: creating sha2/Makefile
config.status:843: creating aes/Makefile
config.status:843: creating ecc/Makefile
config.status:843: creating dtls_config.h

## ---------------- ##
## Cache variables. ##
## ---------------- ##

ac_cv_c_bigendian=no
ac_cv_c_compiler_gnu=yes
ac_cv_c_inline=inline
ac_cv_env_CC_set=
ac_cv_env_CC_value=
ac_cv_env_CFLAGS_set=
ac_cv_env_CFLAGS_value=
ac_cv_env_CPPFLAGS_set=
ac_cv_env_CPPFLAGS_value=
ac_cv_env_CPP_set=
ac_cv_env_CPP_value=
ac_cv_env_LDFLAGS_set=
ac_cv_env_LDFLAGS_value=
ac_cv_env_LIBS_set=
ac_cv_env_LIBS_value=
ac_cv_env_build_alias_set=
ac_cv_env_build_alias_value=
ac_cv_env_host_alias_set=set
ac_cv_env_host_alias_value=cc
ac_cv_env_target_alias_set=
ac_cv_env_target_alias_value=
ac_cv_func_fls=no
ac_cv_func_memset=yes
ac_cv_func_select=yes
ac_cv_func_socket=yes
ac_cv_func_strdup=yes
ac_cv_func_strerror=yes
ac_cv_func_strnlen=yes
ac_cv_func_vprintf=yes
ac_cv_header_arpa_inet_h=yes
ac_cv_header_assert_h=yes
ac_cv_header_fcntl_h=yes
ac_cv_header_inttypes_h=yes
ac_cv_header_memory_h=yes
ac_cv_header_netdb_h=yes
ac_cv_header_netinet_in_h=yes
ac_cv_header_stdc=yes
ac_cv_header_stddef_h=yes
ac_cv_header_stdint_h=yes
ac_cv_header_stdlib_h=yes
ac_cv_header_string_h=yes
ac_cv_header_strings_h=yes
ac_cv_header_sys_param_h=yes
ac_cv_header_sys_socket_h=yes
ac_cv_header_sys_stat_h=yes
ac_cv_header_sys_time_h=yes
ac_cv_header_sys_types_h=yes
ac_cv_header_time_h=yes
ac_cv_header_unistd_h=yes
ac_cv_member_struct_sockaddr_in6_sin6_len=no
ac_cv_objext=o
ac_cv_path_DOXYGEN=:
ac_cv_path_EGREP='/bin/grep -E'
ac_cv_path_ETAGS=/bin/false
ac_cv_path_GREP=/bin/grep
ac_cv_prog_CPP='gcc -E'
ac_cv_prog_ac_ct_CC=gcc
ac_cv_prog_ac_ct_RANLIB=ranlib
ac_cv_prog_cc_c89=
ac_cv_prog_cc_g=yes
ac_cv_prog_make_make_set=yes
ac_cv_search_gethostbyname='none required'
ac_cv_search_socket='none required'
ac_cv_type_size_t=yes

## ----------------- ##
## Output variables. ##
## ----------------- ##

AR='ar'
CC='gcc'
CFLAGS='-g -O2'
CPP='gcc -E'
CPPFLAGS=' -DDTLSv12 -DWITH_SHA256'
DEFS='-DHAVE_CONFIG_H'
DOXYGEN=':'
DTLS_ECC='1'
DTLS_PSK='1'
ECHO_C=''
ECHO_N='-n'
ECHO_T=''
EGREP='/bin/grep -E'
ETAGS='/bin/false'
EXEEXT=''
GREP='/bin/grep'
LDFLAGS=''
LIBOBJS=''
LIBS=''
LTLIBOBJS=''
NDEBUG=''
OBJEXT='o'
OPT_OBJS=' ecc/ecc.o sha2/sha2.o'
PACKAGE_BUGREPORT=''
PACKAGE_NAME='tinydtls'
PACKAGE_STRING='tinydtls 0.8.6'
PACKAGE_TARNAME='tinydtls'
PACKAGE_URL=''
PACKAGE_VERSION='0.8.6'
PATH_SEPARATOR=':'
RANLIB='ranlib'
SET_MAKE=''
SHELL='/bin/bash'
WARNING_CFLAGS='-pedantic -Wall -Wextra -Wformat-security -Winline -Wmissing-declarations -Wmissing-prototypes -Wnested-externs -Wpointer-arith -Wshadow -Wstrict-prototypes -Wswitch-default -Wswitch-enum -Wunused '
ac_ct_CC='gcc'
bindir='${exec_prefix}/bin'
build_alias=''
datadir='${datarootdir}'
datarootdir='${prefix}/share'
docdir='${datarootdir}/doc/${PACKAGE_TARNAME}'
dvidir='${docdir}'
exec_prefix='${prefix}'
host_alias='cc'
htmldir='${docdir}'
includedir='${prefix}/include'
infodir='${datarootdir}/info'
libdir='${exec_prefix}/lib'
libexecdir='${exec_prefix}/libexec'
localedir='${datarootdir}/locale'
localstatedir='${prefix}/var'
mandir='${datarootdir}/man'
oldincludedir='/usr/include'
pdfdir='${docdir}'
prefix='/usr/local'
program_transform_name='s,x,x,'
psdir='${docdir}'
runstatedir='${localstatedir}/run'
sbindir='${exec_prefix}/sbin'
sharedstatedir='${prefix}/com'
sysconfdir='${prefix}/etc'
target_alias=''

## ----------- ##
## confdefs.h. ##
## ----------- ##

/* confdefs.h */
#define PACKAGE_NAME "tinydtls"
#define PACKAGE_TARNAME "tinydtls"
#define PACKAGE_VERSION "0.8.6"
#define PACKAGE_STRING "tinydtls 0.8.6"
#define PACKAGE_BUGREPORT ""
#define PACKAGE_URL ""
#define STDC_HEADERS 1
#define HAVE_SYS_TYPES_H 1
#define HAVE_SYS_STAT_H 1
#define HAVE_STDLIB_H 1
#define HAVE_STRING_H 1
#define HAVE_MEMORY_H 1
#define HAVE_STRINGS_H 1
#define HAVE_INTTYPES_H 1
#define HAVE_STDINT_H 1
#define HAVE_UNISTD_H 1
#define DTLS_ECC 1
#define DTLS_PSK 1
#define HAVE_ASSERT_H 1
#define HAVE_ARPA_INET_H 1
#define HAVE_FCNTL_H 1
#define HAVE_INTTYPES_H 1
#define HAVE_NETDB_H 1
#define HAVE_NETINET_IN_H 1
#define HAVE_STDDEF_H 1
#define HAVE_STDINT_H 1
#define HAVE_STDLIB_H 1
#define HAVE_STRING_H 1
#define HAVE_STRINGS_H 1
#define HAVE_SYS_PARAM_H 1
#define HAVE_SYS_SOCKET_H 1
#define HAVE_UNISTD_H 1
#define HAVE_SYS_TIME_H 1
#define HAVE_TIME_H 1
#define HAVE_SYS_TYPES_H 1
#define HAVE_SYS_STAT_H 1
#define HAVE_MEMSET 1
#define HAVE_SELECT 1
#define HAVE_SOCKET 1
#define HAVE_STRDUP 1
#define HAVE_STRERROR 1
#define HAVE_STRNLEN 1
#define HAVE_VPRINTF 1

configure: exit 0
